{"/Users/gwyn/Desktop/SongLyrics-PPLX-70b/src/services/channel.service.ts": {"path":"/Users/gwyn/Desktop/SongLyrics-PPLX-70b/src/services/channel.service.ts","statementMap":{"0":{"start":{"line":5,"column":8},"end":{"line":5,"column":49}},"1":{"start":{"line":9,"column":8},"end":{"line":11,"column":9}},"2":{"start":{"line":10,"column":12},"end":{"line":10,"column":25}},"3":{"start":{"line":12,"column":8},"end":{"line":12,"column":44}},"4":{"start":{"line":13,"column":8},"end":{"line":13,"column":20}},"5":{"start":{"line":17,"column":8},"end":{"line":19,"column":9}},"6":{"start":{"line":18,"column":12},"end":{"line":18,"column":25}},"7":{"start":{"line":20,"column":8},"end":{"line":20,"column":47}},"8":{"start":{"line":21,"column":8},"end":{"line":21,"column":20}},"9":{"start":{"line":25,"column":8},"end":{"line":25,"column":51}},"10":{"start":{"line":29,"column":8},"end":{"line":29,"column":48}},"11":{"start":{"line":1,"column":0},"end":{"line":1,"column":13}}},"fnMap":{"0":{"name":"(anonymous_0)","decl":{"start":{"line":4,"column":4},"end":{"line":4,"column":null}},"loc":{"start":{"line":4,"column":4},"end":{"line":6,"column":5}}},"1":{"name":"(anonymous_1)","decl":{"start":{"line":8,"column":4},"end":{"line":8,"column":9}},"loc":{"start":{"line":8,"column":27},"end":{"line":14,"column":5}}},"2":{"name":"(anonymous_2)","decl":{"start":{"line":16,"column":4},"end":{"line":16,"column":10}},"loc":{"start":{"line":16,"column":28},"end":{"line":22,"column":5}}},"3":{"name":"(anonymous_3)","decl":{"start":{"line":24,"column":4},"end":{"line":24,"column":13}},"loc":{"start":{"line":24,"column":31},"end":{"line":26,"column":5}}},"4":{"name":"(anonymous_4)","decl":{"start":{"line":28,"column":4},"end":{"line":28,"column":22}},"loc":{"start":{"line":28,"column":22},"end":{"line":30,"column":5}}}},"branchMap":{"0":{"loc":{"start":{"line":9,"column":8},"end":{"line":11,"column":9}},"type":"if","locations":[{"start":{"line":9,"column":8},"end":{"line":11,"column":9}}]},"1":{"loc":{"start":{"line":17,"column":8},"end":{"line":19,"column":9}},"type":"if","locations":[{"start":{"line":17,"column":8},"end":{"line":19,"column":9}}]}},"s":{"0":9,"1":10,"2":1,"3":9,"4":9,"5":3,"6":1,"7":2,"8":2,"9":4,"10":3,"11":1},"f":{"0":9,"1":10,"2":3,"3":4,"4":3},"b":{"0":[1],"1":[1]}}
,"/Users/gwyn/Desktop/SongLyrics-PPLX-70b/src/services/genius.service.ts": {"path":"/Users/gwyn/Desktop/SongLyrics-PPLX-70b/src/services/genius.service.ts","statementMap":{"0":{"start":{"line":1,"column":0},"end":{"line":1,"column":43}},"1":{"start":{"line":2,"column":0},"end":{"line":2,"column":28}},"2":{"start":{"line":3,"column":0},"end":{"line":3,"column":28}},"3":{"start":{"line":4,"column":0},"end":{"line":4,"column":35}},"4":{"start":{"line":53,"column":8},"end":{"line":55,"column":11}},"5":{"start":{"line":56,"column":8},"end":{"line":59,"column":11}},"6":{"start":{"line":61,"column":8},"end":{"line":61,"column":54}},"7":{"start":{"line":65,"column":8},"end":{"line":65,"column":82}},"8":{"start":{"line":69,"column":8},"end":{"line":77,"column":20}},"9":{"start":{"line":71,"column":16},"end":{"line":73,"column":17}},"10":{"start":{"line":72,"column":20},"end":{"line":72,"column":70}},"11":{"start":{"line":74,"column":16},"end":{"line":74,"column":36}},"12":{"start":{"line":81,"column":8},"end":{"line":100,"column":9}},"13":{"start":{"line":82,"column":31},"end":{"line":94,"column":14}},"14":{"start":{"line":96,"column":12},"end":{"line":96,"column":64}},"15":{"start":{"line":98,"column":12},"end":{"line":98,"column":67}},"16":{"start":{"line":99,"column":12},"end":{"line":99,"column":22}},"17":{"start":{"line":104,"column":25},"end":{"line":104,"column":50}},"18":{"start":{"line":105,"column":8},"end":{"line":119,"column":10}},"19":{"start":{"line":113,"column":16},"end":{"line":117,"column":48}},"20":{"start":{"line":128,"column":8},"end":{"line":212,"column":9}},"21":{"start":{"line":129,"column":12},"end":{"line":132,"column":13}},"22":{"start":{"line":130,"column":16},"end":{"line":130,"column":53}},"23":{"start":{"line":131,"column":16},"end":{"line":131,"column":28}},"24":{"start":{"line":135,"column":29},"end":{"line":135,"column":52}},"25":{"start":{"line":136,"column":33},"end":{"line":136,"column":78}},"26":{"start":{"line":137,"column":12},"end":{"line":140,"column":13}},"27":{"start":{"line":138,"column":16},"end":{"line":138,"column":67}},"28":{"start":{"line":139,"column":16},"end":{"line":139,"column":36}},"29":{"start":{"line":142,"column":12},"end":{"line":142,"column":67}},"30":{"start":{"line":145,"column":29},"end":{"line":153,"column":14}},"31":{"start":{"line":155,"column":12},"end":{"line":158,"column":13}},"32":{"start":{"line":156,"column":16},"end":{"line":156,"column":74}},"33":{"start":{"line":157,"column":16},"end":{"line":157,"column":28}},"34":{"start":{"line":160,"column":26},"end":{"line":160,"column":47}},"35":{"start":{"line":161,"column":12},"end":{"line":161,"column":73}},"36":{"start":{"line":163,"column":12},"end":{"line":166,"column":13}},"37":{"start":{"line":164,"column":16},"end":{"line":164,"column":71}},"38":{"start":{"line":165,"column":16},"end":{"line":165,"column":28}},"39":{"start":{"line":168,"column":30},"end":{"line":168,"column":38}},"40":{"start":{"line":169,"column":12},"end":{"line":172,"column":13}},"41":{"start":{"line":170,"column":16},"end":{"line":170,"column":56}},"42":{"start":{"line":171,"column":16},"end":{"line":171,"column":28}},"43":{"start":{"line":174,"column":12},"end":{"line":174,"column":75}},"44":{"start":{"line":177,"column":36},"end":{"line":177,"column":71}},"45":{"start":{"line":178,"column":12},"end":{"line":178,"column":62}},"46":{"start":{"line":181,"column":31},"end":{"line":181,"column":60}},"47":{"start":{"line":182,"column":31},"end":{"line":182,"column":44}},"48":{"start":{"line":184,"column":48},"end":{"line":191,"column":14}},"49":{"start":{"line":193,"column":12},"end":{"line":196,"column":13}},"50":{"start":{"line":194,"column":16},"end":{"line":194,"column":68}},"51":{"start":{"line":195,"column":16},"end":{"line":195,"column":28}},"52":{"start":{"line":199,"column":12},"end":{"line":199,"column":105}},"53":{"start":{"line":202,"column":12},"end":{"line":202,"column":45}},"54":{"start":{"line":205,"column":12},"end":{"line":205,"column":78}},"55":{"start":{"line":207,"column":12},"end":{"line":207,"column":26}},"56":{"start":{"line":210,"column":12},"end":{"line":210,"column":60}},"57":{"start":{"line":211,"column":12},"end":{"line":211,"column":24}},"58":{"start":{"line":47,"column":0},"end":{"line":47,"column":13}}},"fnMap":{"0":{"name":"(anonymous_1)","decl":{"start":{"line":52,"column":4},"end":{"line":52,"column":16}},"loc":{"start":{"line":52,"column":54},"end":{"line":62,"column":5}}},"1":{"name":"(anonymous_2)","decl":{"start":{"line":64,"column":12},"end":{"line":64,"column":23}},"loc":{"start":{"line":64,"column":37},"end":{"line":66,"column":5}}},"2":{"name":"(anonymous_3)","decl":{"start":{"line":68,"column":12},"end":{"line":68,"column":24}},"loc":{"start":{"line":68,"column":54},"end":{"line":78,"column":5}}},"3":{"name":"(anonymous_4)","decl":{"start":{"line":70,"column":17},"end":{"line":70,"column":24}},"loc":{"start":{"line":70,"column":27},"end":{"line":75,"column":13}}},"4":{"name":"(anonymous_5)","decl":{"start":{"line":80,"column":12},"end":{"line":80,"column":17}},"loc":{"start":{"line":80,"column":81},"end":{"line":101,"column":5}}},"5":{"name":"(anonymous_6)","decl":{"start":{"line":103,"column":12},"end":{"line":103,"column":31}},"loc":{"start":{"line":103,"column":45},"end":{"line":120,"column":5}}},"6":{"name":"(anonymous_7)","decl":{"start":{"line":112,"column":34},"end":{"line":112,"column":41}},"loc":{"start":{"line":113,"column":16},"end":{"line":117,"column":48}}},"7":{"name":"(anonymous_8)","decl":{"start":{"line":127,"column":4},"end":{"line":127,"column":9}},"loc":{"start":{"line":127,"column":36},"end":{"line":213,"column":5}}}},"branchMap":{"0":{"loc":{"start":{"line":71,"column":16},"end":{"line":73,"column":17}},"type":"if","locations":[{"start":{"line":71,"column":16},"end":{"line":73,"column":17}}]},"1":{"loc":{"start":{"line":96,"column":19},"end":{"line":96,"column":63}},"type":"binary-expr","locations":[{"start":{"line":96,"column":19},"end":{"line":96,"column":57}},{"start":{"line":96,"column":61},"end":{"line":96,"column":63}}]},"2":{"loc":{"start":{"line":106,"column":12},"end":{"line":117,"column":null}},"type":"binary-expr","locations":[{"start":{"line":106,"column":12},"end":{"line":106,"column":40}},{"start":{"line":107,"column":12},"end":{"line":107,"column":29}},{"start":{"line":108,"column":12},"end":{"line":108,"column":46}},{"start":{"line":109,"column":12},"end":{"line":109,"column":44}},{"start":{"line":110,"column":12},"end":{"line":110,"column":47}},{"start":{"line":111,"column":12},"end":{"line":111,"column":42}},{"start":{"line":112,"column":12},"end":{"line":117,"column":null}}]},"3":{"loc":{"start":{"line":113,"column":16},"end":{"line":117,"column":48}},"type":"binary-expr","locations":[{"start":{"line":113,"column":16},"end":{"line":113,"column":43}},{"start":{"line":114,"column":16},"end":{"line":114,"column":32}},{"start":{"line":115,"column":16},"end":{"line":115,"column":48}},{"start":{"line":116,"column":16},"end":{"line":116,"column":47}},{"start":{"line":117,"column":16},"end":{"line":117,"column":48}}]},"4":{"loc":{"start":{"line":129,"column":12},"end":{"line":132,"column":13}},"type":"if","locations":[{"start":{"line":129,"column":12},"end":{"line":132,"column":13}}]},"5":{"loc":{"start":{"line":137,"column":12},"end":{"line":140,"column":13}},"type":"if","locations":[{"start":{"line":137,"column":12},"end":{"line":140,"column":13}}]},"6":{"loc":{"start":{"line":155,"column":12},"end":{"line":158,"column":13}},"type":"if","locations":[{"start":{"line":155,"column":12},"end":{"line":158,"column":13}}]},"7":{"loc":{"start":{"line":163,"column":12},"end":{"line":166,"column":13}},"type":"if","locations":[{"start":{"line":163,"column":12},"end":{"line":166,"column":13}}]},"8":{"loc":{"start":{"line":163,"column":16},"end":{"line":163,"column":69}},"type":"binary-expr","locations":[{"start":{"line":163,"column":16},"end":{"line":163,"column":22}},{"start":{"line":163,"column":26},"end":{"line":163,"column":47}},{"start":{"line":163,"column":51},"end":{"line":163,"column":69}}]},"9":{"loc":{"start":{"line":169,"column":12},"end":{"line":172,"column":13}},"type":"if","locations":[{"start":{"line":169,"column":12},"end":{"line":172,"column":13}}]},"10":{"loc":{"start":{"line":190,"column":29},"end":{"line":190,"column":109}},"type":"cond-expr","locations":[{"start":{"line":190,"column":49},"end":{"line":190,"column":97}},{"start":{"line":190,"column":100},"end":{"line":190,"column":109}}]},"11":{"loc":{"start":{"line":193,"column":12},"end":{"line":196,"column":13}},"type":"if","locations":[{"start":{"line":193,"column":12},"end":{"line":196,"column":13}}]},"12":{"loc":{"start":{"line":193,"column":16},"end":{"line":193,"column":80}},"type":"binary-expr","locations":[{"start":{"line":193,"column":16},"end":{"line":193,"column":29}},{"start":{"line":193,"column":33},"end":{"line":193,"column":47}},{"start":{"line":193,"column":51},"end":{"line":193,"column":65}},{"start":{"line":193,"column":69},"end":{"line":193,"column":80}}]}},"s":{"0":2,"1":2,"2":2,"3":2,"4":11,"5":11,"6":6,"7":6,"8":0,"9":0,"10":0,"11":0,"12":0,"13":0,"14":0,"15":0,"16":0,"17":0,"18":0,"19":0,"20":7,"21":7,"22":1,"23":1,"24":6,"25":6,"26":6,"27":0,"28":0,"29":6,"30":6,"31":6,"32":6,"33":6,"34":0,"35":0,"36":0,"37":0,"38":0,"39":0,"40":0,"41":0,"42":0,"43":0,"44":0,"45":0,"46":0,"47":0,"48":0,"49":0,"50":0,"51":0,"52":0,"53":0,"54":0,"55":0,"56":0,"57":0,"58":2},"f":{"0":11,"1":6,"2":0,"3":0,"4":0,"5":0,"6":0,"7":7},"b":{"0":[0],"1":[0,0],"2":[0,0,0,0,0,0,0],"3":[0,0,0,0,0],"4":[1],"5":[0],"6":[6],"7":[0],"8":[0,0,0],"9":[0],"10":[0,0],"11":[0],"12":[0,0,0,0]}}
,"/Users/gwyn/Desktop/SongLyrics-PPLX-70b/src/services/lyrics.service.ts": {"path":"/Users/gwyn/Desktop/SongLyrics-PPLX-70b/src/services/lyrics.service.ts","statementMap":{"0":{"start":{"line":1,"column":0},"end":{"line":1,"column":49}},"1":{"start":{"line":2,"column":0},"end":{"line":2,"column":28}},"2":{"start":{"line":7,"column":42},"end":{"line":7,"column":46}},"3":{"start":{"line":19,"column":8},"end":{"line":19,"column":68}},"4":{"start":{"line":22,"column":8},"end":{"line":22,"column":71}},"5":{"start":{"line":23,"column":8},"end":{"line":23,"column":59}},"6":{"start":{"line":24,"column":8},"end":{"line":24,"column":63}},"7":{"start":{"line":26,"column":52},"end":{"line":29,"column":10}},"8":{"start":{"line":32,"column":8},"end":{"line":36,"column":9}},"9":{"start":{"line":33,"column":12},"end":{"line":33,"column":75}},"10":{"start":{"line":34,"column":12},"end":{"line":34,"column":77}},"11":{"start":{"line":35,"column":12},"end":{"line":35,"column":59}},"12":{"start":{"line":38,"column":8},"end":{"line":42,"column":11}},"13":{"start":{"line":46,"column":33},"end":{"line":46,"column":35}},"14":{"start":{"line":47,"column":22},"end":{"line":47,"column":40}},"15":{"start":{"line":48,"column":27},"end":{"line":48,"column":29}},"16":{"start":{"line":50,"column":8},"end":{"line":70,"column":9}},"17":{"start":{"line":51,"column":12},"end":{"line":69,"column":13}},"18":{"start":{"line":52,"column":16},"end":{"line":54,"column":17}},"19":{"start":{"line":53,"column":20},"end":{"line":53,"column":53}},"20":{"start":{"line":56,"column":16},"end":{"line":66,"column":17}},"21":{"start":{"line":57,"column":40},"end":{"line":57,"column":44}},"22":{"start":{"line":58,"column":20},"end":{"line":62,"column":21}},"23":{"start":{"line":59,"column":38},"end":{"line":59,"column":93}},"24":{"start":{"line":60,"column":24},"end":{"line":60,"column":51}},"25":{"start":{"line":61,"column":24},"end":{"line":61,"column":93}},"26":{"start":{"line":63,"column":20},"end":{"line":63,"column":38}},"27":{"start":{"line":65,"column":20},"end":{"line":65,"column":40}},"28":{"start":{"line":68,"column":16},"end":{"line":68,"column":66}},"29":{"start":{"line":72,"column":8},"end":{"line":74,"column":9}},"30":{"start":{"line":73,"column":12},"end":{"line":73,"column":45}},"31":{"start":{"line":76,"column":8},"end":{"line":76,"column":22}},"32":{"start":{"line":80,"column":8},"end":{"line":82,"column":9}},"33":{"start":{"line":81,"column":12},"end":{"line":81,"column":27}},"34":{"start":{"line":84,"column":30},"end":{"line":84,"column":83}},"35":{"start":{"line":85,"column":8},"end":{"line":87,"column":72}},"36":{"start":{"line":91,"column":8},"end":{"line":93,"column":9}},"37":{"start":{"line":92,"column":12},"end":{"line":92,"column":22}},"38":{"start":{"line":94,"column":8},"end":{"line":94,"column":44}},"39":{"start":{"line":98,"column":8},"end":{"line":142,"column":9}},"40":{"start":{"line":99,"column":12},"end":{"line":99,"column":71}},"41":{"start":{"line":100,"column":31},"end":{"line":135,"column":14}},"42":{"start":{"line":137,"column":12},"end":{"line":137,"column":90}},"43":{"start":{"line":138,"column":12},"end":{"line":138,"column":67}},"44":{"start":{"line":140,"column":12},"end":{"line":140,"column":66}},"45":{"start":{"line":141,"column":12},"end":{"line":141,"column":25}},"46":{"start":{"line":146,"column":8},"end":{"line":197,"column":9}},"47":{"start":{"line":147,"column":12},"end":{"line":147,"column":72}},"48":{"start":{"line":148,"column":31},"end":{"line":184,"column":14}},"49":{"start":{"line":186,"column":35},"end":{"line":186,"column":73}},"50":{"start":{"line":187,"column":12},"end":{"line":187,"column":87}},"51":{"start":{"line":189,"column":12},"end":{"line":191,"column":13}},"52":{"start":{"line":190,"column":16},"end":{"line":190,"column":38}},"53":{"start":{"line":193,"column":12},"end":{"line":193,"column":24}},"54":{"start":{"line":195,"column":12},"end":{"line":195,"column":72}},"55":{"start":{"line":196,"column":12},"end":{"line":196,"column":24}},"56":{"start":{"line":201,"column":8},"end":{"line":203,"column":9}},"57":{"start":{"line":202,"column":12},"end":{"line":202,"column":60}},"58":{"start":{"line":205,"column":8},"end":{"line":293,"column":9}},"59":{"start":{"line":206,"column":36},"end":{"line":206,"column":65}},"60":{"start":{"line":207,"column":33},"end":{"line":207,"column":81}},"61":{"start":{"line":209,"column":12},"end":{"line":209,"column":66}},"62":{"start":{"line":210,"column":32},"end":{"line":210,"column":47}},"63":{"start":{"line":213,"column":12},"end":{"line":215,"column":13}},"64":{"start":{"line":214,"column":16},"end":{"line":214,"column":93}},"65":{"start":{"line":217,"column":12},"end":{"line":217,"column":62}},"66":{"start":{"line":219,"column":12},"end":{"line":221,"column":13}},"67":{"start":{"line":220,"column":16},"end":{"line":220,"column":57}},"68":{"start":{"line":224,"column":33},"end":{"line":224,"column":78}},"69":{"start":{"line":225,"column":12},"end":{"line":245,"column":13}},"70":{"start":{"line":226,"column":33},"end":{"line":226,"column":35}},"71":{"start":{"line":227,"column":33},"end":{"line":227,"column":35}},"72":{"start":{"line":228,"column":16},"end":{"line":228,"column":58}},"73":{"start":{"line":229,"column":16},"end":{"line":229,"column":51}},"74":{"start":{"line":230,"column":16},"end":{"line":230,"column":90}},"75":{"start":{"line":230,"column":40},"end":{"line":230,"column":90}},"76":{"start":{"line":231,"column":16},"end":{"line":231,"column":101}},"77":{"start":{"line":231,"column":46},"end":{"line":231,"column":101}},"78":{"start":{"line":232,"column":16},"end":{"line":232,"column":73}},"79":{"start":{"line":234,"column":36},"end":{"line":234,"column":73}},"80":{"start":{"line":235,"column":16},"end":{"line":235,"column":46}},"81":{"start":{"line":237,"column":16},"end":{"line":239,"column":17}},"82":{"start":{"line":238,"column":20},"end":{"line":238,"column":91}},"83":{"start":{"line":241,"column":35},"end":{"line":241,"column":69}},"84":{"start":{"line":242,"column":16},"end":{"line":242,"column":64}},"85":{"start":{"line":244,"column":16},"end":{"line":244,"column":32}},"86":{"start":{"line":248,"column":12},"end":{"line":248,"column":61}},"87":{"start":{"line":249,"column":33},"end":{"line":249,"column":81}},"88":{"start":{"line":251,"column":12},"end":{"line":257,"column":13}},"89":{"start":{"line":252,"column":33},"end":{"line":252,"column":35}},"90":{"start":{"line":253,"column":16},"end":{"line":253,"column":68}},"91":{"start":{"line":254,"column":36},"end":{"line":254,"column":66}},"92":{"start":{"line":255,"column":16},"end":{"line":255,"column":46}},"93":{"start":{"line":256,"column":16},"end":{"line":256,"column":32}},"94":{"start":{"line":260,"column":12},"end":{"line":260,"column":68}},"95":{"start":{"line":261,"column":31},"end":{"line":285,"column":14}},"96":{"start":{"line":287,"column":31},"end":{"line":287,"column":97}},"97":{"start":{"line":288,"column":12},"end":{"line":288,"column":32}},"98":{"start":{"line":291,"column":12},"end":{"line":291,"column":59}},"99":{"start":{"line":292,"column":12},"end":{"line":292,"column":85}},"100":{"start":{"line":4,"column":0},"end":{"line":4,"column":13}}},"fnMap":{"0":{"name":"(anonymous_1)","decl":{"start":{"line":12,"column":4},"end":{"line":12,"column":null}},"loc":{"start":{"line":16,"column":28},"end":{"line":43,"column":5}}},"1":{"name":"(anonymous_2)","decl":{"start":{"line":45,"column":12},"end":{"line":45,"column":23}},"loc":{"start":{"line":45,"column":38},"end":{"line":77,"column":5}}},"2":{"name":"(anonymous_3)","decl":{"start":{"line":79,"column":12},"end":{"line":79,"column":27}},"loc":{"start":{"line":79,"column":43},"end":{"line":88,"column":5}}},"3":{"name":"(anonymous_4)","decl":{"start":{"line":90,"column":12},"end":{"line":90,"column":24}},"loc":{"start":{"line":90,"column":44},"end":{"line":95,"column":5}}},"4":{"name":"(anonymous_5)","decl":{"start":{"line":97,"column":12},"end":{"line":97,"column":17}},"loc":{"start":{"line":97,"column":67},"end":{"line":143,"column":5}}},"5":{"name":"(anonymous_6)","decl":{"start":{"line":145,"column":12},"end":{"line":145,"column":17}},"loc":{"start":{"line":145,"column":54},"end":{"line":198,"column":5}}},"6":{"name":"(anonymous_7)","decl":{"start":{"line":200,"column":4},"end":{"line":200,"column":9}},"loc":{"start":{"line":200,"column":56},"end":{"line":294,"column":5}}}},"branchMap":{"0":{"loc":{"start":{"line":32,"column":8},"end":{"line":36,"column":9}},"type":"if","locations":[{"start":{"line":32,"column":8},"end":{"line":36,"column":9}}]},"1":{"loc":{"start":{"line":32,"column":12},"end":{"line":32,"column":55}},"type":"binary-expr","locations":[{"start":{"line":32,"column":12},"end":{"line":32,"column":32}},{"start":{"line":32,"column":36},"end":{"line":32,"column":55}}]},"2":{"loc":{"start":{"line":51,"column":12},"end":{"line":69,"column":13}},"type":"if","locations":[{"start":{"line":51,"column":12},"end":{"line":69,"column":13}},{"start":{"line":67,"column":19},"end":{"line":69,"column":13}}]},"3":{"loc":{"start":{"line":52,"column":16},"end":{"line":54,"column":17}},"type":"if","locations":[{"start":{"line":52,"column":16},"end":{"line":54,"column":17}}]},"4":{"loc":{"start":{"line":56,"column":16},"end":{"line":66,"column":17}},"type":"if","locations":[{"start":{"line":56,"column":16},"end":{"line":66,"column":17}},{"start":{"line":64,"column":23},"end":{"line":66,"column":17}}]},"5":{"loc":{"start":{"line":68,"column":33},"end":{"line":68,"column":57}},"type":"cond-expr","locations":[{"start":{"line":68,"column":48},"end":{"line":68,"column":52}},{"start":{"line":68,"column":55},"end":{"line":68,"column":57}}]},"6":{"loc":{"start":{"line":72,"column":8},"end":{"line":74,"column":9}},"type":"if","locations":[{"start":{"line":72,"column":8},"end":{"line":74,"column":9}}]},"7":{"loc":{"start":{"line":80,"column":8},"end":{"line":82,"column":9}},"type":"if","locations":[{"start":{"line":80,"column":8},"end":{"line":82,"column":9}}]},"8":{"loc":{"start":{"line":85,"column":15},"end":{"line":87,"column":71}},"type":"cond-expr","locations":[{"start":{"line":86,"column":14},"end":{"line":86,"column":61}},{"start":{"line":87,"column":14},"end":{"line":87,"column":71}}]},"9":{"loc":{"start":{"line":91,"column":8},"end":{"line":93,"column":9}},"type":"if","locations":[{"start":{"line":91,"column":8},"end":{"line":93,"column":9}}]},"10":{"loc":{"start":{"line":138,"column":19},"end":{"line":138,"column":66}},"type":"binary-expr","locations":[{"start":{"line":138,"column":19},"end":{"line":138,"column":57}},{"start":{"line":138,"column":61},"end":{"line":138,"column":66}}]},"11":{"loc":{"start":{"line":187,"column":58},"end":{"line":187,"column":85}},"type":"binary-expr","locations":[{"start":{"line":187,"column":58},"end":{"line":187,"column":80}},{"start":{"line":187,"column":84},"end":{"line":187,"column":85}}]},"12":{"loc":{"start":{"line":189,"column":12},"end":{"line":191,"column":13}},"type":"if","locations":[{"start":{"line":189,"column":12},"end":{"line":191,"column":13}}]},"13":{"loc":{"start":{"line":189,"column":16},"end":{"line":189,"column":60}},"type":"binary-expr","locations":[{"start":{"line":189,"column":16},"end":{"line":189,"column":30}},{"start":{"line":189,"column":34},"end":{"line":189,"column":60}}]},"14":{"loc":{"start":{"line":201,"column":8},"end":{"line":203,"column":9}},"type":"if","locations":[{"start":{"line":201,"column":8},"end":{"line":203,"column":9}}]},"15":{"loc":{"start":{"line":207,"column":33},"end":{"line":207,"column":81}},"type":"cond-expr","locations":[{"start":{"line":207,"column":43},"end":{"line":207,"column":69}},{"start":{"line":207,"column":72},"end":{"line":207,"column":81}}]},"16":{"loc":{"start":{"line":213,"column":12},"end":{"line":215,"column":13}},"type":"if","locations":[{"start":{"line":213,"column":12},"end":{"line":215,"column":13}}]},"17":{"loc":{"start":{"line":219,"column":12},"end":{"line":221,"column":13}},"type":"if","locations":[{"start":{"line":219,"column":12},"end":{"line":221,"column":13}}]},"18":{"loc":{"start":{"line":225,"column":12},"end":{"line":245,"column":13}},"type":"if","locations":[{"start":{"line":225,"column":12},"end":{"line":245,"column":13}}]},"19":{"loc":{"start":{"line":230,"column":16},"end":{"line":230,"column":90}},"type":"if","locations":[{"start":{"line":230,"column":16},"end":{"line":230,"column":90}}]},"20":{"loc":{"start":{"line":231,"column":16},"end":{"line":231,"column":101}},"type":"if","locations":[{"start":{"line":231,"column":16},"end":{"line":231,"column":101}}]},"21":{"loc":{"start":{"line":237,"column":16},"end":{"line":239,"column":17}},"type":"if","locations":[{"start":{"line":237,"column":16},"end":{"line":239,"column":17}}]},"22":{"loc":{"start":{"line":251,"column":12},"end":{"line":257,"column":13}},"type":"if","locations":[{"start":{"line":251,"column":12},"end":{"line":257,"column":13}}]},"23":{"loc":{"start":{"line":282,"column":92},"end":{"line":282,"column":129}},"type":"binary-expr","locations":[{"start":{"line":282,"column":92},"end":{"line":282,"column":104}},{"start":{"line":282,"column":108},"end":{"line":282,"column":129}}]},"24":{"loc":{"start":{"line":287,"column":52},"end":{"line":287,"column":96}},"type":"binary-expr","locations":[{"start":{"line":287,"column":52},"end":{"line":287,"column":90}},{"start":{"line":287,"column":94},"end":{"line":287,"column":96}}]}},"s":{"0":1,"1":1,"2":5,"3":5,"4":0,"5":0,"6":0,"7":0,"8":0,"9":0,"10":0,"11":0,"12":0,"13":0,"14":0,"15":0,"16":0,"17":0,"18":0,"19":0,"20":0,"21":0,"22":0,"23":0,"24":0,"25":0,"26":0,"27":0,"28":0,"29":0,"30":0,"31":0,"32":0,"33":0,"34":0,"35":0,"36":0,"37":0,"38":0,"39":0,"40":0,"41":0,"42":0,"43":0,"44":0,"45":0,"46":0,"47":0,"48":0,"49":0,"50":0,"51":0,"52":0,"53":0,"54":0,"55":0,"56":0,"57":0,"58":0,"59":0,"60":0,"61":0,"62":0,"63":0,"64":0,"65":0,"66":0,"67":0,"68":0,"69":0,"70":0,"71":0,"72":0,"73":0,"74":0,"75":0,"76":0,"77":0,"78":0,"79":0,"80":0,"81":0,"82":0,"83":0,"84":0,"85":0,"86":0,"87":0,"88":0,"89":0,"90":0,"91":0,"92":0,"93":0,"94":0,"95":0,"96":0,"97":0,"98":0,"99":0,"100":1},"f":{"0":5,"1":0,"2":0,"3":0,"4":0,"5":0,"6":0},"b":{"0":[0],"1":[0,0],"2":[0,0],"3":[0],"4":[0,0],"5":[0,0],"6":[0],"7":[0],"8":[0,0],"9":[0],"10":[0,0],"11":[0,0],"12":[0],"13":[0,0],"14":[0],"15":[0,0],"16":[0],"17":[0],"18":[0],"19":[0],"20":[0],"21":[0],"22":[0],"23":[0,0],"24":[0,0]}}
}
