TN:
SF:src/services/channel.service.ts
FN:4,(anonymous_0)
FN:8,(anonymous_1)
FN:16,(anonymous_2)
FN:24,(anonymous_3)
FN:28,(anonymous_4)
FNF:5
FNH:5
FNDA:9,(anonymous_0)
FNDA:10,(anonymous_1)
FNDA:3,(anonymous_2)
FNDA:4,(anonymous_3)
FNDA:3,(anonymous_4)
DA:1,1
DA:5,9
DA:9,10
DA:10,1
DA:12,9
DA:13,9
DA:17,3
DA:18,1
DA:20,2
DA:21,2
DA:25,4
DA:29,3
LF:12
LH:12
BRDA:9,0,0,1
BRDA:17,1,0,1
BRF:2
BRH:2
end_of_record
TN:
SF:src/services/genius.service.ts
FN:52,(anonymous_1)
FN:64,(anonymous_2)
FN:68,(anonymous_3)
FN:70,(anonymous_4)
FN:80,(anonymous_5)
FN:103,(anonymous_6)
FN:112,(anonymous_7)
FN:127,(anonymous_8)
FNF:8
FNH:3
FNDA:11,(anonymous_1)
FNDA:6,(anonymous_2)
FNDA:0,(anonymous_3)
FNDA:0,(anonymous_4)
FNDA:0,(anonymous_5)
FNDA:0,(anonymous_6)
FNDA:0,(anonymous_7)
FNDA:7,(anonymous_8)
DA:1,2
DA:2,2
DA:3,2
DA:4,2
DA:47,2
DA:53,11
DA:56,11
DA:61,6
DA:65,6
DA:69,0
DA:71,0
DA:72,0
DA:74,0
DA:81,0
DA:82,0
DA:96,0
DA:98,0
DA:99,0
DA:104,0
DA:105,0
DA:113,0
DA:128,7
DA:129,7
DA:130,1
DA:131,1
DA:135,6
DA:136,6
DA:137,6
DA:138,0
DA:139,0
DA:142,6
DA:145,6
DA:155,6
DA:156,6
DA:157,6
DA:160,0
DA:161,0
DA:163,0
DA:164,0
DA:165,0
DA:168,0
DA:169,0
DA:170,0
DA:171,0
DA:174,0
DA:177,0
DA:178,0
DA:181,0
DA:182,0
DA:184,0
DA:193,0
DA:194,0
DA:195,0
DA:199,0
DA:202,0
DA:205,0
DA:207,0
DA:210,0
DA:211,0
LF:59
LH:21
BRDA:71,0,0,0
BRDA:96,1,0,0
BRDA:96,1,1,0
BRDA:106,2,0,0
BRDA:106,2,1,0
BRDA:106,2,2,0
BRDA:106,2,3,0
BRDA:106,2,4,0
BRDA:106,2,5,0
BRDA:106,2,6,0
BRDA:113,3,0,0
BRDA:113,3,1,0
BRDA:113,3,2,0
BRDA:113,3,3,0
BRDA:113,3,4,0
BRDA:129,4,0,1
BRDA:137,5,0,0
BRDA:155,6,0,6
BRDA:163,7,0,0
BRDA:163,8,0,0
BRDA:163,8,1,0
BRDA:163,8,2,0
BRDA:169,9,0,0
BRDA:190,10,0,0
BRDA:190,10,1,0
BRDA:193,11,0,0
BRDA:193,12,0,0
BRDA:193,12,1,0
BRDA:193,12,2,0
BRDA:193,12,3,0
BRF:30
BRH:2
end_of_record
TN:
SF:src/services/lyrics.service.ts
FN:12,(anonymous_1)
FN:45,(anonymous_2)
FN:79,(anonymous_3)
FN:90,(anonymous_4)
FN:97,(anonymous_5)
FN:145,(anonymous_6)
FN:200,(anonymous_7)
FNF:7
FNH:1
FNDA:5,(anonymous_1)
FNDA:0,(anonymous_2)
FNDA:0,(anonymous_3)
FNDA:0,(anonymous_4)
FNDA:0,(anonymous_5)
FNDA:0,(anonymous_6)
FNDA:0,(anonymous_7)
DA:1,1
DA:2,1
DA:4,1
DA:7,5
DA:19,5
DA:22,0
DA:23,0
DA:24,0
DA:26,0
DA:32,0
DA:33,0
DA:34,0
DA:35,0
DA:38,0
DA:46,0
DA:47,0
DA:48,0
DA:50,0
DA:51,0
DA:52,0
DA:53,0
DA:56,0
DA:57,0
DA:58,0
DA:59,0
DA:60,0
DA:61,0
DA:63,0
DA:65,0
DA:68,0
DA:72,0
DA:73,0
DA:76,0
DA:80,0
DA:81,0
DA:84,0
DA:85,0
DA:91,0
DA:92,0
DA:94,0
DA:98,0
DA:99,0
DA:100,0
DA:137,0
DA:138,0
DA:140,0
DA:141,0
DA:146,0
DA:147,0
DA:148,0
DA:186,0
DA:187,0
DA:189,0
DA:190,0
DA:193,0
DA:195,0
DA:196,0
DA:201,0
DA:202,0
DA:205,0
DA:206,0
DA:207,0
DA:209,0
DA:210,0
DA:213,0
DA:214,0
DA:217,0
DA:219,0
DA:220,0
DA:224,0
DA:225,0
DA:226,0
DA:227,0
DA:228,0
DA:229,0
DA:230,0
DA:231,0
DA:232,0
DA:234,0
DA:235,0
DA:237,0
DA:238,0
DA:241,0
DA:242,0
DA:244,0
DA:248,0
DA:249,0
DA:251,0
DA:252,0
DA:253,0
DA:254,0
DA:255,0
DA:256,0
DA:260,0
DA:261,0
DA:287,0
DA:288,0
DA:291,0
DA:292,0
LF:99
LH:5
BRDA:32,0,0,0
BRDA:32,1,0,0
BRDA:32,1,1,0
BRDA:51,2,0,0
BRDA:51,2,1,0
BRDA:52,3,0,0
BRDA:56,4,0,0
BRDA:56,4,1,0
BRDA:68,5,0,0
BRDA:68,5,1,0
BRDA:72,6,0,0
BRDA:80,7,0,0
BRDA:85,8,0,0
BRDA:85,8,1,0
BRDA:91,9,0,0
BRDA:138,10,0,0
BRDA:138,10,1,0
BRDA:187,11,0,0
BRDA:187,11,1,0
BRDA:189,12,0,0
BRDA:189,13,0,0
BRDA:189,13,1,0
BRDA:201,14,0,0
BRDA:207,15,0,0
BRDA:207,15,1,0
BRDA:213,16,0,0
BRDA:219,17,0,0
BRDA:225,18,0,0
BRDA:230,19,0,0
BRDA:231,20,0,0
BRDA:237,21,0,0
BRDA:251,22,0,0
BRDA:282,23,0,0
BRDA:282,23,1,0
BRDA:287,24,0,0
BRDA:287,24,1,0
BRF:36
BRH:0
end_of_record
